# JRE version: OpenJDK Runtime Environment Temurin-23.0.2+7 (23.0.2+7) (build 23.0.2+7)
# Java VM: OpenJDK 64-Bit Server VM Temurin-23.0.2+7 (23.0.2+7, mixed mode, sharing, tiered, compressed oops, compressed class ptrs, g1 gc, windows-amd64)
GC Precious Log:
 CardTable entry size: 512
 Card Set container configuration: InlinePtr #cards 4 size 8 Array Of Cards #cards 16 size 48 Howl #buckets 8 coarsen threshold 3686 Howl Bitmap #cards 512 size 80 coarsen threshold 460 Card regions per heap region 1 cards per card region 4096
 CPUs: 16 total, 16 available
 Memory: 16024M
 Large Page Support: Disabled
 NUMA Support: Disabled
 Compressed Oops: Enabled (Zero based)
 Heap Region Size: 2M
 Heap Min Capacity: 8M
 Heap Initial Capacity: 252M
 Heap Max Capacity: 4008M
 Pre-touch: Disabled
 Parallel Workers: 13
 Concurrent Workers: 3
 Concurrent Refinement Workers: 13
 Periodic GC: Disabled
Heap:
 garbage-first heap   total reserved 4104192K, committed 233472K, used 178889K [0x0000000705800000, 0x0000000800000000)
  region size 2048K, 24 young (49152K), 3 survivors (6144K)
 Metaspace       used 112020K, committed 113856K, reserved 1179648K
  class space    used 13395K, committed 14144K, reserved 1048576K
GC Heap History (20 events):
Event: 342751.056 GC heap before
{Heap before GC invocations=982 (full 26):
 garbage-first heap   total reserved 4104192K, committed 204800K, used 134314K [0x0000000705800000, 0x0000000800000000)
  region size 2048K, 41 young (83968K), 0 survivors (0K)
 Metaspace       used 112327K, committed 114048K, reserved 1179648K
  class space    used 13420K, committed 14144K, reserved 1048576K
}
Event: 342751.060 GC heap after
{Heap after GC invocations=983 (full 26):
 garbage-first heap   total reserved 4104192K, committed 204800K, used 59326K [0x0000000705800000, 0x0000000800000000)
  region size 2048K, 4 young (8192K), 4 survivors (8192K)
 Metaspace       used 112327K, committed 114048K, reserved 1179648K
  class space    used 13420K, committed 14144K, reserved 1048576K
}
Event: 342751.421 GC heap before
{Heap before GC invocations=984 (full 26):
 garbage-first heap   total reserved 4104192K, committed 204800K, used 174014K [0x0000000705800000, 0x0000000800000000)
  region size 2048K, 45 young (92160K), 4 survivors (8192K)
 Metaspace       used 112633K, committed 114048K, reserved 1179648K
  class space    used 13438K, committed 14144K, reserved 1048576K
}
Event: 342751.442 GC heap after
{Heap after GC invocations=985 (full 26):
 garbage-first heap   total reserved 4104192K, committed 245760K, used 122026K [0x0000000705800000, 0x0000000800000000)
  region size 2048K, 6 young (12288K), 6 survivors (12288K)
 Metaspace       used 112633K, committed 114048K, reserved 1179648K
  class space    used 13438K, committed 14144K, reserved 1048576K
}
Event: 342754.506 GC heap before
{Heap before GC invocations=985 (full 26):
 garbage-first heap   total reserved 4104192K, committed 245760K, used 189610K [0x0000000705800000, 0x0000000800000000)
  region size 2048K, 36 young (73728K), 6 survivors (12288K)
 Metaspace       used 112827K, committed 114112K, reserved 1179648K
  class space    used 13456K, committed 14144K, reserved 1048576K
}
Event: 342754.515 GC heap after
{Heap after GC invocations=986 (full 26):
 garbage-first heap   total reserved 4104192K, committed 245760K, used 132078K [0x0000000705800000, 0x0000000800000000)
  region size 2048K, 4 young (8192K), 4 survivors (8192K)
 Metaspace       used 112827K, committed 114112K, reserved 1179648K
  class space    used 13456K, committed 14144K, reserved 1048576K
}
Event: 342754.515 GC heap before
{Heap before GC invocations=986 (full 26):
 garbage-first heap   total reserved 4104192K, committed 245760K, used 132078K [0x0000000705800000, 0x0000000800000000)
  region size 2048K, 5 young (10240K), 4 survivors (8192K)
 Metaspace       used 112827K, committed 114112K, reserved 1179648K
  class space    used 13456K, committed 14144K, reserved 1048576K
}
Event: 342754.517 GC heap after
{Heap after GC invocations=987 (full 26):
 garbage-first heap   total reserved 4104192K, committed 245760K, used 131853K [0x0000000705800000, 0x0000000800000000)
  region size 2048K, 4 young (8192K), 4 survivors (8192K)
 Metaspace       used 112827K, committed 114112K, reserved 1179648K
  class space    used 13456K, committed 14144K, reserved 1048576K
}
Event: 342810.977 GC heap before
{Heap before GC invocations=988 (full 26):
 garbage-first heap   total reserved 4104192K, committed 245760K, used 144141K [0x0000000705800000, 0x0000000800000000)
  region size 2048K, 11 young (22528K), 4 survivors (8192K)
 Metaspace       used 111884K, committed 113984K, reserved 1179648K
  class space    used 13379K, committed 14144K, reserved 1048576K
}
Event: 342811.032 GC heap after
{Heap after GC invocations=989 (full 27):
 garbage-first heap   total reserved 4104192K, committed 198656K, used 53852K [0x0000000705800000, 0x0000000800000000)
  region size 2048K, 0 young (0K), 0 survivors (0K)
 Metaspace       used 111884K, committed 113984K, reserved 1179648K
  class space    used 13379K, committed 14144K, reserved 1048576K
}
Event: 342811.478 GC heap before
{Heap before GC invocations=989 (full 27):
 garbage-first heap   total reserved 4104192K, committed 198656K, used 127580K [0x0000000705800000, 0x0000000800000000)
  region size 2048K, 37 young (75776K), 0 survivors (0K)
 Metaspace       used 112310K, committed 113984K, reserved 1179648K
  class space    used 13416K, committed 14144K, reserved 1048576K
}
Event: 342811.481 GC heap after
{Heap after GC invocations=990 (full 27):
 garbage-first heap   total reserved 4104192K, committed 198656K, used 59388K [0x0000000705800000, 0x0000000800000000)
  region size 2048K, 3 young (6144K), 3 survivors (6144K)
 Metaspace       used 112310K, committed 113984K, reserved 1179648K
  class space    used 13416K, committed 14144K, reserved 1048576K
}
Event: 342811.845 GC heap before
{Heap before GC invocations=991 (full 27):
 garbage-first heap   total reserved 4104192K, committed 198656K, used 167932K [0x0000000705800000, 0x0000000800000000)
  region size 2048K, 41 young (83968K), 3 survivors (6144K)
 Metaspace       used 112590K, committed 113984K, reserved 1179648K
  class space    used 13432K, committed 14144K, reserved 1048576K
}
Event: 342811.863 GC heap after
{Heap after GC invocations=992 (full 27):
 garbage-first heap   total reserved 4104192K, committed 233472K, used 121130K [0x0000000705800000, 0x0000000800000000)
  region size 2048K, 6 young (12288K), 6 survivors (12288K)
 Metaspace       used 112590K, committed 113984K, reserved 1179648K
  class space    used 13432K, committed 14144K, reserved 1048576K
}
Event: 342815.656 GC heap before
{Heap before GC invocations=992 (full 27):
 garbage-first heap   total reserved 4104192K, committed 233472K, used 172330K [0x0000000705800000, 0x0000000800000000)
  region size 2048K, 31 young (63488K), 6 survivors (12288K)
 Metaspace       used 112884K, committed 114176K, reserved 1179648K
  class space    used 13456K, committed 14144K, reserved 1048576K
}
Event: 342815.664 GC heap after
{Heap after GC invocations=993 (full 27):
 garbage-first heap   total reserved 4104192K, committed 233472K, used 127801K [0x0000000705800000, 0x0000000800000000)
  region size 2048K, 3 young (6144K), 3 survivors (6144K)
 Metaspace       used 112884K, committed 114176K, reserved 1179648K
  class space    used 13456K, committed 14144K, reserved 1048576K
}
Event: 342815.675 GC heap before
{Heap before GC invocations=993 (full 27):
 garbage-first heap   total reserved 4104192K, committed 233472K, used 127801K [0x0000000705800000, 0x0000000800000000)
  region size 2048K, 5 young (10240K), 3 survivors (6144K)
 Metaspace       used 112884K, committed 114176K, reserved 1179648K
  class space    used 13456K, committed 14144K, reserved 1048576K
}
Event: 342815.678 GC heap after
{Heap after GC invocations=994 (full 27):
 garbage-first heap   total reserved 4104192K, committed 233472K, used 130261K [0x0000000705800000, 0x0000000800000000)
  region size 2048K, 4 young (8192K), 4 survivors (8192K)
 Metaspace       used 112884K, committed 114176K, reserved 1179648K
  class space    used 13456K, committed 14144K, reserved 1048576K
}
Event: 342842.936 GC heap before
{Heap before GC invocations=995 (full 27):
 garbage-first heap   total reserved 4104192K, committed 233472K, used 189653K [0x0000000705800000, 0x0000000800000000)
  region size 2048K, 28 young (57344K), 4 survivors (8192K)
 Metaspace       used 111909K, committed 113856K, reserved 1179648K
  class space    used 13381K, committed 14144K, reserved 1048576K
}
Event: 342842.939 GC heap after
{Heap after GC invocations=996 (full 27):
 garbage-first heap   total reserved 4104192K, committed 233472K, used 127689K [0x0000000705800000, 0x0000000800000000)
  region size 2048K, 3 young (6144K), 3 survivors (6144K)
 Metaspace       used 111909K, committed 113856K, reserved 1179648K
  class space    used 13381K, committed 14144K, reserved 1048576K
}

